0 info it worked if it ends with ok
1 verbose cli [ 'D:\\Program Files\\nodejs\\\\node.exe',
1 verbose cli   'D:\\Program Files\\nodejs\\node_modules\\npm\\bin\\npm-cli.js',
1 verbose cli   'install',
1 verbose cli   'ngDialog' ]
2 info using npm@2.10.1
3 info using node@v0.12.4
4 verbose install initial load of D:\wishList\client\package.json
5 warn package.json todo-static@0.0.0 No repository field.
6 warn package.json todo-static@0.0.0 No README data
7 verbose installManyTop reading scoped package data from D:\wishList\client\node_modules\grunt\package.json
8 verbose installManyTop reading scoped package data from D:\wishList\client\node_modules\grunt-contrib-clean\package.json
9 verbose installManyTop reading scoped package data from D:\wishList\client\node_modules\grunt-contrib-concat\package.json
10 verbose installManyTop reading scoped package data from D:\wishList\client\node_modules\grunt-contrib-copy\package.json
11 verbose installManyTop reading scoped package data from D:\wishList\client\node_modules\grunt-contrib-cssmin\package.json
12 verbose installManyTop reading scoped package data from D:\wishList\client\node_modules\grunt-contrib-uglify\package.json
13 verbose installManyTop reading scoped package data from D:\wishList\client\node_modules\grunt-filerev\package.json
14 verbose installManyTop reading scoped package data from D:\wishList\client\node_modules\grunt-usemin\package.json
15 verbose installManyTop reading scoped package data from D:\wishList\client\node_modules\load-grunt-tasks\package.json
16 verbose installManyTop reading scoped package data from D:\wishList\client\node_modules\zepto\package.json
17 info package.json grunt@0.4.5 No license field.
18 info package.json grunt-contrib-clean@0.6.0 No license field.
19 info package.json grunt-contrib-concat@0.5.1 No license field.
20 info package.json grunt-contrib-copy@0.8.0 No license field.
21 info package.json grunt-filerev@2.3.1 license should be a valid SPDX license expression
22 info package.json grunt-contrib-uglify@0.9.1 No license field.
23 info package.json grunt-contrib-cssmin@0.12.3 No license field.
24 info package.json zepto@1.0.1 No README data
25 info package.json zepto@1.0.1 No license field.
26 verbose readDependencies loading dependencies from D:\wishList\client\package.json
27 silly cache add args [ 'ngDialog', null ]
28 verbose cache add spec ngDialog
29 silly cache add parsed spec { raw: 'ngDialog',
29 silly cache add   scope: null,
29 silly cache add   name: 'ngDialog',
29 silly cache add   rawSpec: '',
29 silly cache add   spec: '*',
29 silly cache add   type: 'range' }
30 silly addNamed ngDialog@*
31 verbose addNamed "*" is a valid semver range for ngDialog
32 silly addNameRange { name: 'ngDialog', range: '*', hasData: false }
33 silly mapToRegistry name ngDialog
34 silly mapToRegistry using default registry
35 silly mapToRegistry registry https://registry.npmjs.org/
36 silly mapToRegistry uri https://registry.npmjs.org/ngDialog
37 verbose addNameRange registry:https://registry.npmjs.org/ngDialog not in flight; fetching
38 verbose request uri https://registry.npmjs.org/ngDialog
39 verbose request no auth needed
40 info attempt registry request try #1 at 15:36:19
41 verbose request id 3f2b319796697d9b
42 http request GET https://registry.npmjs.org/ngDialog
43 http 404 https://registry.npmjs.org/ngDialog
44 verbose headers { 'content-type': 'application/json',
44 verbose headers   'cache-control': 'max-age=0',
44 verbose headers   'content-length': '2',
44 verbose headers   'accept-ranges': 'bytes',
44 verbose headers   date: 'Sat, 12 Mar 2016 07:36:10 GMT',
44 verbose headers   via: '1.1 varnish',
44 verbose headers   age: '0',
44 verbose headers   connection: 'keep-alive',
44 verbose headers   'x-served-by': 'cache-itm7424-ITM',
44 verbose headers   'x-cache': 'MISS',
44 verbose headers   'x-cache-hits': '0',
44 verbose headers   'x-timer': 'S1457768170.058609,VS0,VE811' }
45 silly get cb [ 404,
45 silly get   { 'content-type': 'application/json',
45 silly get     'cache-control': 'max-age=0',
45 silly get     'content-length': '2',
45 silly get     'accept-ranges': 'bytes',
45 silly get     date: 'Sat, 12 Mar 2016 07:36:10 GMT',
45 silly get     via: '1.1 varnish',
45 silly get     age: '0',
45 silly get     connection: 'keep-alive',
45 silly get     'x-served-by': 'cache-itm7424-ITM',
45 silly get     'x-cache': 'MISS',
45 silly get     'x-cache-hits': '0',
45 silly get     'x-timer': 'S1457768170.058609,VS0,VE811' } ]
46 verbose stack Error: Registry returned 404 for GET on https://registry.npmjs.org/ngDialog
46 verbose stack     at CachingRegistryClient.<anonymous> (D:\Program Files\nodejs\node_modules\npm\node_modules\npm-registry-client\lib\request.js:239:14)
46 verbose stack     at Request._callback (D:\Program Files\nodejs\node_modules\npm\node_modules\npm-registry-client\lib\request.js:170:14)
46 verbose stack     at Request.self.callback (D:\Program Files\nodejs\node_modules\npm\node_modules\request\request.js:368:22)
46 verbose stack     at Request.emit (events.js:110:17)
46 verbose stack     at Request.<anonymous> (D:\Program Files\nodejs\node_modules\npm\node_modules\request\request.js:1219:14)
46 verbose stack     at Request.emit (events.js:129:20)
46 verbose stack     at IncomingMessage.<anonymous> (D:\Program Files\nodejs\node_modules\npm\node_modules\request\request.js:1167:12)
46 verbose stack     at IncomingMessage.emit (events.js:129:20)
46 verbose stack     at _stream_readable.js:908:16
46 verbose stack     at process._tickCallback (node.js:355:11)
47 verbose statusCode 404
48 verbose pkgid ngDialog
49 verbose cwd D:\wishList\client
50 error Windows_NT 6.1.7601
51 error argv "D:\\Program Files\\nodejs\\\\node.exe" "D:\\Program Files\\nodejs\\node_modules\\npm\\bin\\npm-cli.js" "install" "ngDialog"
52 error node v0.12.4
53 error npm  v2.10.1
54 error code E404
55 error 404 Registry returned 404 for GET on https://registry.npmjs.org/ngDialog
55 error 404
55 error 404 'ngDialog' is not in the npm registry.
55 error 404 You should bug the author to publish it (or use the name yourself!)
55 error 404 It was specified as a dependency of 'todo-static'
55 error 404
55 error 404 Note that you can also install from a
55 error 404 tarball, folder, http url, or git url.
56 verbose exit [ 1, true ]
